<?xml version="1.0" encoding="UTF-8"?>
<!-- Generated by org.testng.reporters.JUnitXMLReporter -->
<testsuite hostname="arun-mac.gap.com.gap.com" name="Test" tests="2" failures="0" timestamp="25 Jul 2018 18:43:07 GMT" time="0.183" errors="0">
  <testcase name="@BeforeTest beforeTest" time="0.0" classname="PO_Auto_Receiving.PO_Auto_Receiving.NewTest">
    <failure type="java.lang.IllegalStateException" message="The path to the driver executable must be set by the webdriver.gecko.driver system property; for more information, see https://github.com/mozilla/geckodriver. The latest version can be downloaded from https://github.com/mozilla/geckodriver/releases">
      <![CDATA[java.lang.IllegalStateException: The path to the driver executable must be set by the webdriver.gecko.driver system property; for more information, see https://github.com/mozilla/geckodriver. The latest version can be downloaded from https://github.com/mozilla/geckodriver/releases
	at com.google.common.base.Preconditions.checkState(Preconditions.java:738)
	at org.openqa.selenium.remote.service.DriverService.findExecutable(DriverService.java:124)
	at org.openqa.selenium.firefox.GeckoDriverService.access$100(GeckoDriverService.java:41)
	at org.openqa.selenium.firefox.GeckoDriverService$Builder.findDefaultExecutable(GeckoDriverService.java:115)
	at org.openqa.selenium.remote.service.DriverService$Builder.build(DriverService.java:330)
	at org.openqa.selenium.firefox.FirefoxDriver.toExecutor(FirefoxDriver.java:207)
	at org.openqa.selenium.firefox.FirefoxDriver.<init>(FirefoxDriver.java:108)
	at org.openqa.selenium.firefox.FirefoxDriver.<init>(FirefoxDriver.java:104)
	at PO_Auto_Receiving.PO_Auto_Receiving.NewTest.beforeTest(NewTest.java:16)
... Removed 22 stack frames]]>
    </failure>
  </testcase> <!-- @BeforeTest beforeTest -->
  <testcase name="@AfterTest afterTest" time="0.0" classname="PO_Auto_Receiving.PO_Auto_Receiving.NewTest">
    <skipped/>
  </testcase> <!-- @AfterTest afterTest -->
  <testcase name="testEasy" time="0.002" classname="PO_Auto_Receiving.PO_Auto_Receiving.NewTest">
    <skipped/>
  </testcase> <!-- testEasy -->
  <testcase name="testApp" time="0.001" classname="PO_Auto_Receiving.PO_Auto_Receiving.AppTest">
    <skipped/>
  </testcase> <!-- testApp -->
</testsuite> <!-- Test -->
