<?xml version="1.0" encoding="UTF-8"?>
<testng-results skipped="0" failed="0" total="2" passed="2">
  <reporter-output>
  </reporter-output>
  <suite name="Suite" duration-ms="8109" started-at="2018-07-27T22:33:44Z" finished-at="2018-07-27T22:33:52Z">
    <groups>
    </groups>
    <test name="Test" duration-ms="8109" started-at="2018-07-27T22:33:44Z" finished-at="2018-07-27T22:33:52Z">
      <class name="PageObjects.NewTest">
        <test-method status="PASS" signature="beforeTest()[pri:0, instance:PageObjects.NewTest@35fb3008]" name="beforeTest" is-config="true" duration-ms="3609" started-at="2018-07-27T15:33:44Z" finished-at="2018-07-27T15:33:48Z">
          <reporter-output>
          </reporter-output>
        </test-method> <!-- beforeTest -->
        <test-method status="PASS" signature="testEasy()[pri:0, instance:PageObjects.NewTest@35fb3008]" name="testEasy" duration-ms="4216" started-at="2018-07-27T15:33:48Z" finished-at="2018-07-27T15:33:52Z">
          <reporter-output>
          </reporter-output>
        </test-method> <!-- testEasy -->
        <test-method status="PASS" signature="afterTest()[pri:0, instance:PageObjects.NewTest@35fb3008]" name="afterTest" is-config="true" duration-ms="260" started-at="2018-07-27T15:33:52Z" finished-at="2018-07-27T15:33:52Z">
          <reporter-output>
          </reporter-output>
        </test-method> <!-- afterTest -->
      </class> <!-- PageObjects.NewTest -->
      <class name="TestRunner.AppTest">
        <test-method status="PASS" signature="testApp()[pri:0, instance:TestRunner.AppTest@7225790e]" name="testApp" duration-ms="4" started-at="2018-07-27T15:33:48Z" finished-at="2018-07-27T15:33:48Z">
          <reporter-output>
          </reporter-output>
        </test-method> <!-- testApp -->
      </class> <!-- TestRunner.AppTest -->
    </test> <!-- Test -->
  </suite> <!-- Suite -->
</testng-results>
