<?xml version="1.0" encoding="UTF-8"?>
<testng-results skipped="2" failed="0" total="2" passed="0">
  <reporter-output>
  </reporter-output>
  <suite name="Suite" duration-ms="183" started-at="2018-07-25T18:43:06Z" finished-at="2018-07-25T18:43:07Z">
    <groups>
    </groups>
    <test name="Test" duration-ms="183" started-at="2018-07-25T18:43:06Z" finished-at="2018-07-25T18:43:07Z">
      <class name="PO_Auto_Receiving.PO_Auto_Receiving.AppTest">
        <test-method status="SKIP" signature="testApp()[pri:0, instance:PO_Auto_Receiving.PO_Auto_Receiving.AppTest@31ef45e3]" name="testApp" duration-ms="1" started-at="2018-07-25T11:43:07Z" finished-at="2018-07-25T11:43:07Z">
          <reporter-output>
          </reporter-output>
        </test-method> <!-- testApp -->
      </class> <!-- PO_Auto_Receiving.PO_Auto_Receiving.AppTest -->
      <class name="PO_Auto_Receiving.PO_Auto_Receiving.NewTest">
        <test-method status="FAIL" signature="beforeTest()[pri:0, instance:PO_Auto_Receiving.PO_Auto_Receiving.NewTest@57fffcd7]" name="beforeTest" is-config="true" duration-ms="0" started-at="2018-07-25T11:43:06Z" finished-at="2018-07-25T11:43:06Z">
          <exception class="java.lang.IllegalStateException">
            <message>
              <![CDATA[The path to the driver executable must be set by the webdriver.gecko.driver system property; for more information, see https://github.com/mozilla/geckodriver. The latest version can be downloaded from https://github.com/mozilla/geckodriver/releases]]>
            </message>
            <full-stacktrace>
              <![CDATA[java.lang.IllegalStateException: The path to the driver executable must be set by the webdriver.gecko.driver system property; for more information, see https://github.com/mozilla/geckodriver. The latest version can be downloaded from https://github.com/mozilla/geckodriver/releases
	at com.google.common.base.Preconditions.checkState(Preconditions.java:738)
	at org.openqa.selenium.remote.service.DriverService.findExecutable(DriverService.java:124)
	at org.openqa.selenium.firefox.GeckoDriverService.access$100(GeckoDriverService.java:41)
	at org.openqa.selenium.firefox.GeckoDriverService$Builder.findDefaultExecutable(GeckoDriverService.java:115)
	at org.openqa.selenium.remote.service.DriverService$Builder.build(DriverService.java:330)
	at org.openqa.selenium.firefox.FirefoxDriver.toExecutor(FirefoxDriver.java:207)
	at org.openqa.selenium.firefox.FirefoxDriver.<init>(FirefoxDriver.java:108)
	at org.openqa.selenium.firefox.FirefoxDriver.<init>(FirefoxDriver.java:104)
	at PO_Auto_Receiving.PO_Auto_Receiving.NewTest.beforeTest(NewTest.java:16)
	at sun.reflect.NativeMethodAccessorImpl.invoke0(Native Method)
	at sun.reflect.NativeMethodAccessorImpl.invoke(NativeMethodAccessorImpl.java:62)
	at sun.reflect.DelegatingMethodAccessorImpl.invoke(DelegatingMethodAccessorImpl.java:43)
	at java.lang.reflect.Method.invoke(Method.java:498)
	at org.testng.internal.MethodInvocationHelper.invokeMethod(MethodInvocationHelper.java:86)
	at org.testng.internal.Invoker.invokeConfigurationMethod(Invoker.java:514)
	at org.testng.internal.Invoker.invokeConfigurations(Invoker.java:215)
	at org.testng.internal.Invoker.invokeConfigurations(Invoker.java:142)
	at org.testng.TestRunner.beforeRun(TestRunner.java:656)
	at org.testng.TestRunner.run(TestRunner.java:624)
	at org.testng.SuiteRunner.runTest(SuiteRunner.java:366)
	at org.testng.SuiteRunner.runSequentially(SuiteRunner.java:361)
	at org.testng.SuiteRunner.privateRun(SuiteRunner.java:319)
	at org.testng.SuiteRunner.run(SuiteRunner.java:268)
	at org.testng.SuiteRunnerWorker.runSuite(SuiteRunnerWorker.java:52)
	at org.testng.SuiteRunnerWorker.run(SuiteRunnerWorker.java:86)
	at org.testng.TestNG.runSuitesSequentially(TestNG.java:1244)
	at org.testng.TestNG.runSuitesLocally(TestNG.java:1169)
	at org.testng.TestNG.run(TestNG.java:1064)
	at org.testng.remote.AbstractRemoteTestNG.run(AbstractRemoteTestNG.java:132)
	at org.testng.remote.RemoteTestNG.initAndRun(RemoteTestNG.java:230)
	at org.testng.remote.RemoteTestNG.main(RemoteTestNG.java:76)
]]>
            </full-stacktrace>
          </exception> <!-- java.lang.IllegalStateException -->
          <reporter-output>
          </reporter-output>
        </test-method> <!-- beforeTest -->
        <test-method status="SKIP" signature="testEasy()[pri:0, instance:PO_Auto_Receiving.PO_Auto_Receiving.NewTest@57fffcd7]" name="testEasy" duration-ms="2" started-at="2018-07-25T11:43:07Z" finished-at="2018-07-25T11:43:07Z">
          <reporter-output>
          </reporter-output>
        </test-method> <!-- testEasy -->
        <test-method status="SKIP" signature="afterTest()[pri:0, instance:PO_Auto_Receiving.PO_Auto_Receiving.NewTest@57fffcd7]" name="afterTest" is-config="true" duration-ms="0" started-at="2018-07-25T11:43:07Z" finished-at="2018-07-25T11:43:07Z">
          <reporter-output>
          </reporter-output>
        </test-method> <!-- afterTest -->
      </class> <!-- PO_Auto_Receiving.PO_Auto_Receiving.NewTest -->
    </test> <!-- Test -->
  </suite> <!-- Suite -->
</testng-results>
